<?xml version="1.0" encoding="UTF-8"?>
<!-- Generated by org.testng.reporters.JUnitXMLReporter -->
<testsuite hostname="D8189" ignored="0" name="Personal loan" tests="8" failures="0" timestamp="19 Jun 2018 09:07:34 GMT" time="0.044" errors="0">
  <testcase name="basic" time="0.004" classname="test.basics"/>
  <testcase name="basic1" time="0.002" classname="test.basics"/>
  <testcase name="basic4" time="0.001" classname="test.day2"/>
  <testcase name="apilogin1" time="0.001" classname="test.day4"/>
  <testcase name="moblielogin1" time="0.001" classname="test.day4"/>
  <testcase name="weblogin1" time="0.001" classname="test.day4"/>
  <testcase name="weblogin1" time="0.001" classname="test.day4"/>
  <testcase name="weblogin1" time="0.002" classname="test.day4"/>
</testsuite> <!-- Personal loan -->
