<?xml version="1.0" encoding="UTF-8"?>
<testng-results skipped="0" failed="0" ignored="0" total="1" passed="1">
  <reporter-output>
  </reporter-output>
  <suite name="Suite" duration-ms="31" started-at="2018-06-28T14:43:19Z" finished-at="2018-06-28T14:43:19Z">
    <groups>
    </groups>
    <test name="Test" duration-ms="31" started-at="2018-06-28T14:43:19Z" finished-at="2018-06-28T14:43:19Z">
      <class name="test.NewTest">
        <test-method status="PASS" signature="afterMethod()[pri:0, instance:test.NewTest@5c7fa833]" name="afterMethod" is-config="true" duration-ms="0" started-at="2018-06-28T14:43:19Z" finished-at="2018-06-28T14:43:19Z">
          <reporter-output>
          </reporter-output>
        </test-method> <!-- afterMethod -->
        <test-method status="PASS" signature="f()[pri:0, instance:test.NewTest@5c7fa833]" name="f" duration-ms="0" started-at="2018-06-28T14:43:19Z" finished-at="2018-06-28T14:43:19Z">
          <reporter-output>
          </reporter-output>
        </test-method> <!-- f -->
        <test-method status="PASS" signature="beforeMethod()[pri:0, instance:test.NewTest@5c7fa833]" name="beforeMethod" is-config="true" duration-ms="0" started-at="2018-06-28T14:43:19Z" finished-at="2018-06-28T14:43:19Z">
          <reporter-output>
          </reporter-output>
        </test-method> <!-- beforeMethod -->
      </class> <!-- test.NewTest -->
    </test> <!-- Test -->
  </suite> <!-- Suite -->
</testng-results>
